13:22:21|[90m2627888960[0m [94mTRACE[0m [90mdiscord-adapter-ratelimit.c:241:[0m [DISCORD_HTTP] [null] Couldn't match known buckets to ':1:users:@me'
13:22:22|[90m2627888960[0m [35mFATAL[0m [90mdiscord-adapter.c:259:[0m [DISCORD_HTTP] UNAUTHORIZED: Please provide a valid authentication token
13:22:22|[90m2627888960[0m [36mDEBUG[0m [90mdiscord-adapter-ratelimit.c:188:[0m [DISCORD_HTTP] [miss] Match ':1:users:@me' to bucket
13:22:22|[90m2627888960[0m [36mDEBUG[0m [90mdiscord-adapter-ratelimit.c:305:[0m [DISCORD_HTTP] [miss] Remaining = 1 | Reset = 0
13:22:22|[90m2627888960[0m [94mTRACE[0m [90mdiscord-adapter-ratelimit.c:241:[0m [DISCORD_HTTP] [null] Couldn't match known buckets to ':1:gateway:bot'
13:22:22|[90m2627888960[0m [35mFATAL[0m [90mdiscord-adapter.c:259:[0m [DISCORD_HTTP] UNAUTHORIZED: Please provide a valid authentication token
13:22:22|[90m2627888960[0m [36mDEBUG[0m [90mdiscord-adapter-ratelimit.c:188:[0m [DISCORD_HTTP] [miss] Match ':1:gateway:bot' to bucket
13:22:22|[90m2627888960[0m [36mDEBUG[0m [90mdiscord-adapter-ratelimit.c:305:[0m [DISCORD_HTTP] [miss] Remaining = 1 | Reset = 0
13:22:22|[90m2627888960[0m [35mFATAL[0m [90mdiscord-gateway.c:1292:[0m [DISCORD_GATEWAY] Couldn't retrieve Gateway Bot information
13:22:57|[90m4244531008[0m [94mTRACE[0m [90mdiscord-adapter-ratelimit.c:241:[0m [DISCORD_HTTP] [null] Couldn't match known buckets to ':1:users:@me'
13:22:57|[90m4244531008[0m [36mDEBUG[0m [90mdiscord-adapter-ratelimit.c:188:[0m [DISCORD_HTTP] [miss] Match ':1:users:@me' to bucket
13:22:57|[90m4244531008[0m [36mDEBUG[0m [90mdiscord-adapter-ratelimit.c:305:[0m [DISCORD_HTTP] [miss] Remaining = 1 | Reset = 0
13:22:57|[90m4244531008[0m [94mTRACE[0m [90mdiscord-adapter-ratelimit.c:241:[0m [DISCORD_HTTP] [null] Couldn't match known buckets to ':1:gateway:bot'
13:22:57|[90m4244531008[0m [36mDEBUG[0m [90mdiscord-adapter-ratelimit.c:188:[0m [DISCORD_HTTP] [41f9] Match ':1:gateway:bot' to bucket
13:22:57|[90m4244531008[0m [36mDEBUG[0m [90mdiscord-adapter-ratelimit.c:305:[0m [DISCORD_HTTP] [41f9] Remaining = 1 | Reset = 1652095382572
13:22:57|[90m4244531008[0m [32mINFO [0m [90mdiscord-gateway.c:1059:[0m [DISCORD_GATEWAY] Connected, WS-Protocols: ''
13:22:57|[90m4244531008[0m [94mTRACE[0m [90mdiscord-gateway.c:1144:[0m [DISCORD_GATEWAY] [93mRCV[0m HELLO (118 bytes) [@@@_6_@@@]
13:22:57|[90m4244531008[0m [32mINFO [0m [90mdiscord-gateway.c:116:[0m [DISCORD_GATEWAY] [92mSEND[0m IDENTIFY (305 bytes) [@@@_7_@@@]
13:22:57|[90m4244531008[0m [94mTRACE[0m [90mdiscord-gateway.c:1144:[0m [DISCORD_GATEWAY] [93mRCV[0m DISPATCH -> READY (1147 bytes) [@@@_8_@@@]
13:22:57|[90m4244531008[0m [32mINFO [0m [90mdiscord-gateway.c:786:[0m [DISCORD_GATEWAY] Succesfully started a Discord session!
13:22:57|[90m4244531008[0m [32mINFO [0m [90mdiscord-gateway.c:140:[0m [DISCORD_GATEWAY] [92mSEND[0m HEARTBEAT (14 bytes) [@@@_9_@@@]
13:22:57|[90m4244531008[0m [32mINFO [0m [90mdiscord-gateway.c:53:[0m [DISCORD_GATEWAY] [92mSEND[0m PRESENCE UPDATE (137 bytes) [@@@_9_@@@]
13:22:57|[90m4244531008[0m [94mTRACE[0m [90mdiscord-gateway.c:1144:[0m [DISCORD_GATEWAY] [93mRCV[0m DISPATCH -> GUILD_MEMBER_UPDATE (365 bytes) [@@@_11_@@@]
13:22:58|[90m4244531008[0m [94mTRACE[0m [90mdiscord-gateway.c:1144:[0m [DISCORD_GATEWAY] [93mRCV[0m DISPATCH -> GUILD_MEMBER_UPDATE (423 bytes) [@@@_12_@@@]
13:22:58|[90m4244531008[0m [94mTRACE[0m [90mdiscord-gateway.c:1144:[0m [DISCORD_GATEWAY] [93mRCV[0m DISPATCH -> GUILD_MEMBER_UPDATE (443 bytes) [@@@_13_@@@]
13:22:58|[90m4244531008[0m [94mTRACE[0m [90mdiscord-gateway.c:1144:[0m [DISCORD_GATEWAY] [93mRCV[0m HEARTBEAT_ACK (36 bytes) [@@@_14_@@@]
13:22:58|[90m4244531008[0m [94mTRACE[0m [90mdiscord-gateway.c:1046:[0m [DISCORD_GATEWAY] PING: 110 ms
13:23:37|[90m4244531008[0m [94mTRACE[0m [90mdiscord-gateway.c:1144:[0m [DISCORD_GATEWAY] [93mRCV[0m DISPATCH -> MESSAGE_CREATE (829 bytes) [@@@_15_@@@]
13:23:37|[90m4244531008[0m [94mTRACE[0m [90mdiscord-adapter-ratelimit.c:241:[0m [DISCORD_HTTP] [null] Couldn't match known buckets to ':2:channels:921018540331511829:messages'
13:23:37|[90m4244531008[0m [36mDEBUG[0m [90mdiscord-adapter-ratelimit.c:188:[0m [DISCORD_HTTP] [a06d] Match ':2:channels:921018540331511829:messages' to bucket
13:23:37|[90m4244531008[0m [36mDEBUG[0m [90mdiscord-adapter-ratelimit.c:305:[0m [DISCORD_HTTP] [a06d] Remaining = 4 | Reset = 1652095422601
13:23:37|[90m4244531008[0m [94mTRACE[0m [90mdiscord-gateway.c:1144:[0m [DISCORD_GATEWAY] [93mRCV[0m DISPATCH -> MESSAGE_CREATE (1203 bytes) [@@@_18_@@@]
13:23:39|[90m4244531008[0m [32mINFO [0m [90mdiscord-gateway.c:140:[0m [DISCORD_GATEWAY] [92mSEND[0m HEARTBEAT (14 bytes) [@@@_19_@@@]
13:23:39|[90m4244531008[0m [94mTRACE[0m [90mdiscord-gateway.c:1144:[0m [DISCORD_GATEWAY] [93mRCV[0m HEARTBEAT_ACK (36 bytes) [@@@_20_@@@]
13:23:39|[90m4244531008[0m [94mTRACE[0m [90mdiscord-gateway.c:1046:[0m [DISCORD_GATEWAY] PING: 117 ms
13:23:43|[90m4244531008[0m [94mTRACE[0m [90mdiscord-gateway.c:1144:[0m [DISCORD_GATEWAY] [93mRCV[0m DISPATCH -> MESSAGE_CREATE (822 bytes) [@@@_21_@@@]
13:23:43|[90m4244531008[0m [94mTRACE[0m [90mdiscord-adapter-ratelimit.c:235:[0m [DISCORD_HTTP] [a06d] Found a bucket match for ':2:channels:921018540331511829:messages'!
13:23:43|[90m4244531008[0m [36mDEBUG[0m [90mdiscord-adapter-ratelimit.c:305:[0m [DISCORD_HTTP] [a06d] Remaining = 4 | Reset = 1652095428254
13:23:43|[90m4244531008[0m [94mTRACE[0m [90mdiscord-gateway.c:1144:[0m [DISCORD_GATEWAY] [93mRCV[0m DISPATCH -> MESSAGE_CREATE (795 bytes) [@@@_24_@@@]
13:24:20|[90m4244531008[0m [32mINFO [0m [90mdiscord-gateway.c:140:[0m [DISCORD_GATEWAY] [92mSEND[0m HEARTBEAT (14 bytes) [@@@_25_@@@]
13:24:20|[90m4244531008[0m [94mTRACE[0m [90mdiscord-gateway.c:1144:[0m [DISCORD_GATEWAY] [93mRCV[0m HEARTBEAT_ACK (36 bytes) [@@@_26_@@@]
13:24:20|[90m4244531008[0m [94mTRACE[0m [90mdiscord-gateway.c:1046:[0m [DISCORD_GATEWAY] PING: 112 ms
13:24:47|[90m4244531008[0m [94mTRACE[0m [90mdiscord-gateway.c:1144:[0m [DISCORD_GATEWAY] [93mRCV[0m DISPATCH -> MESSAGE_CREATE (819 bytes) [@@@_27_@@@]
13:24:51|[90m4244531008[0m [94mTRACE[0m [90mdiscord-gateway.c:1144:[0m [DISCORD_GATEWAY] [93mRCV[0m DISPATCH -> MESSAGE_CREATE (823 bytes) [@@@_28_@@@]
13:24:51|[90m4244531008[0m [94mTRACE[0m [90mdiscord-adapter-ratelimit.c:235:[0m [DISCORD_HTTP] [a06d] Found a bucket match for ':2:channels:921018540331511829:messages'!
13:24:51|[90m4244531008[0m [36mDEBUG[0m [90mdiscord-adapter-ratelimit.c:305:[0m [DISCORD_HTTP] [a06d] Remaining = 4 | Reset = 1652095496603
13:24:51|[90m4244531008[0m [94mTRACE[0m [90mdiscord-gateway.c:1144:[0m [DISCORD_GATEWAY] [93mRCV[0m DISPATCH -> MESSAGE_CREATE (796 bytes) [@@@_31_@@@]
13:25:01|[90m4244531008[0m [32mINFO [0m [90mdiscord-gateway.c:140:[0m [DISCORD_GATEWAY] [92mSEND[0m HEARTBEAT (15 bytes) [@@@_32_@@@]
13:25:01|[90m4244531008[0m [94mTRACE[0m [90mdiscord-gateway.c:1144:[0m [DISCORD_GATEWAY] [93mRCV[0m HEARTBEAT_ACK (36 bytes) [@@@_33_@@@]
13:25:01|[90m4244531008[0m [94mTRACE[0m [90mdiscord-gateway.c:1046:[0m [DISCORD_GATEWAY] PING: 115 ms
13:25:15|[90m4244531008[0m [94mTRACE[0m [90mdiscord-gateway.c:1144:[0m [DISCORD_GATEWAY] [93mRCV[0m DISPATCH -> MESSAGE_CREATE (824 bytes) [@@@_34_@@@]
13:25:22|[90m4244531008[0m [94mTRACE[0m [90mdiscord-gateway.c:1144:[0m [DISCORD_GATEWAY] [93mRCV[0m DISPATCH -> MESSAGE_CREATE (827 bytes) [@@@_35_@@@]
13:25:42|[90m4244531008[0m [32mINFO [0m [90mdiscord-gateway.c:140:[0m [DISCORD_GATEWAY] [92mSEND[0m HEARTBEAT (15 bytes) [@@@_36_@@@]
13:25:43|[90m4244531008[0m [94mTRACE[0m [90mdiscord-gateway.c:1144:[0m [DISCORD_GATEWAY] [93mRCV[0m HEARTBEAT_ACK (36 bytes) [@@@_37_@@@]
13:25:43|[90m4244531008[0m [94mTRACE[0m [90mdiscord-gateway.c:1046:[0m [DISCORD_GATEWAY] PING: 117 ms
13:25:53|[90m4244531008[0m [94mTRACE[0m [90mdiscord-gateway.c:1144:[0m [DISCORD_GATEWAY] [93mRCV[0m DISPATCH -> MESSAGE_CREATE (821 bytes) [@@@_38_@@@]
13:42:26|[90m3856693056[0m [94mTRACE[0m [90mdiscord-adapter-ratelimit.c:241:[0m [DISCORD_HTTP] [null] Couldn't match known buckets to ':1:users:@me'
13:42:26|[90m3856693056[0m [36mDEBUG[0m [90mdiscord-adapter-ratelimit.c:188:[0m [DISCORD_HTTP] [miss] Match ':1:users:@me' to bucket
13:42:26|[90m3856693056[0m [36mDEBUG[0m [90mdiscord-adapter-ratelimit.c:305:[0m [DISCORD_HTTP] [miss] Remaining = 1 | Reset = 0
13:42:26|[90m3856693056[0m [94mTRACE[0m [90mdiscord-adapter-ratelimit.c:241:[0m [DISCORD_HTTP] [null] Couldn't match known buckets to ':1:gateway:bot'
13:42:26|[90m3856693056[0m [36mDEBUG[0m [90mdiscord-adapter-ratelimit.c:188:[0m [DISCORD_HTTP] [41f9] Match ':1:gateway:bot' to bucket
13:42:26|[90m3856693056[0m [36mDEBUG[0m [90mdiscord-adapter-ratelimit.c:305:[0m [DISCORD_HTTP] [41f9] Remaining = 1 | Reset = 1652096551732
13:42:26|[90m3856693056[0m [32mINFO [0m [90mdiscord-gateway.c:1059:[0m [DISCORD_GATEWAY] Connected, WS-Protocols: ''
13:42:26|[90m3856693056[0m [94mTRACE[0m [90mdiscord-gateway.c:1144:[0m [DISCORD_GATEWAY] [93mRCV[0m HELLO (118 bytes) [@@@_6_@@@]
13:42:26|[90m3856693056[0m [32mINFO [0m [90mdiscord-gateway.c:116:[0m [DISCORD_GATEWAY] [92mSEND[0m IDENTIFY (305 bytes) [@@@_7_@@@]
13:42:27|[90m3856693056[0m [94mTRACE[0m [90mdiscord-gateway.c:1144:[0m [DISCORD_GATEWAY] [93mRCV[0m DISPATCH -> READY (1148 bytes) [@@@_8_@@@]
13:42:27|[90m3856693056[0m [32mINFO [0m [90mdiscord-gateway.c:786:[0m [DISCORD_GATEWAY] Succesfully started a Discord session!
13:42:27|[90m3856693056[0m [32mINFO [0m [90mdiscord-gateway.c:140:[0m [DISCORD_GATEWAY] [92mSEND[0m HEARTBEAT (14 bytes) [@@@_9_@@@]
13:42:27|[90m3856693056[0m [32mINFO [0m [90mdiscord-gateway.c:53:[0m [DISCORD_GATEWAY] [92mSEND[0m PRESENCE UPDATE (137 bytes) [@@@_9_@@@]
13:42:27|[90m3856693056[0m [94mTRACE[0m [90mdiscord-gateway.c:1144:[0m [DISCORD_GATEWAY] [93mRCV[0m HEARTBEAT_ACK (36 bytes) [@@@_11_@@@]
13:42:27|[90m3856693056[0m [94mTRACE[0m [90mdiscord-gateway.c:1046:[0m [DISCORD_GATEWAY] PING: 118 ms
13:42:33|[90m3856693056[0m [94mTRACE[0m [90mdiscord-gateway.c:1144:[0m [DISCORD_GATEWAY] [93mRCV[0m DISPATCH -> MESSAGE_CREATE (835 bytes) [@@@_12_@@@]
13:42:33|[90m3856693056[0m [94mTRACE[0m [90mdiscord-adapter-ratelimit.c:241:[0m [DISCORD_HTTP] [null] Couldn't match known buckets to ':2:channels:921018540331511829:messages'
13:42:33|[90m3856693056[0m [36mDEBUG[0m [90mdiscord-adapter-ratelimit.c:188:[0m [DISCORD_HTTP] [a06d] Match ':2:channels:921018540331511829:messages' to bucket
13:42:33|[90m3856693056[0m [36mDEBUG[0m [90mdiscord-adapter-ratelimit.c:305:[0m [DISCORD_HTTP] [a06d] Remaining = 4 | Reset = 1652096558801
13:42:33|[90m3856693056[0m [94mTRACE[0m [90mdiscord-gateway.c:1144:[0m [DISCORD_GATEWAY] [93mRCV[0m DISPATCH -> MESSAGE_CREATE (829 bytes) [@@@_15_@@@]
13:43:08|[90m3856693056[0m [32mINFO [0m [90mdiscord-gateway.c:140:[0m [DISCORD_GATEWAY] [92mSEND[0m HEARTBEAT (14 bytes) [@@@_16_@@@]
13:43:08|[90m3856693056[0m [94mTRACE[0m [90mdiscord-gateway.c:1144:[0m [DISCORD_GATEWAY] [93mRCV[0m HEARTBEAT_ACK (36 bytes) [@@@_17_@@@]
13:43:08|[90m3856693056[0m [94mTRACE[0m [90mdiscord-gateway.c:1046:[0m [DISCORD_GATEWAY] PING: 131 ms
